[17:00:54.120] [DEBUG] 

[17:00:54.136] [DEBUG] #############################################
[17:00:54.139] [DEBUG] Depth First Search: 6 generations
[17:00:54.141] [DEBUG] #############################################
[17:00:59.765] [DEBUG] 
[17:00:59.769] [DEBUG] total_time                  : 5.36804
[17:00:59.771] [DEBUG] Generations                 : 6
[17:00:59.773] [DEBUG] STATS        Retrieved | Server details
[17:00:59.777] [DEBUG] People  :          417 |            417
[17:00:59.779] [DEBUG] Families:           63 |             63
[17:00:59.781] [DEBUG] API Calls                   : 482
[17:00:59.783] [DEBUG] Max number of threads       : 50
[17:01:00.039] [DEBUG] 

[17:01:00.041] [DEBUG] #############################################
[17:01:00.043] [DEBUG] Breath First Search: 6 generations
[17:01:00.045] [DEBUG] #############################################
[17:01:06.213] [DEBUG] 
[17:01:06.216] [DEBUG] total_time                  : 5.91194
[17:01:06.218] [DEBUG] Generations                 : 6
[17:01:06.220] [DEBUG] STATS        Retrieved | Server details
[17:01:06.223] [DEBUG] People  :          416 |            416
[17:01:06.226] [DEBUG] Families:           63 |             63
[17:01:06.228] [DEBUG] API Calls                   : 481
[17:01:06.230] [DEBUG] Max number of threads       : 50
